#
# A fatal error has been detected by the Java Runtime Environment:
#
#  EXCEPTION_ACCESS_VIOLATION (0xc0000005) at pc=0x00007ffd9f5cf644, pid=43780, tid=49200
#
# JRE version: OpenJDK Runtime Environment (12.0+33) (build 12+33)
# Java VM: OpenJDK 64-Bit Server VM (12+33, mixed mode, sharing, tiered, compressed oops, g1 gc, windows-amd64)
# Problematic frame:
# C  [nvoglv64.dll+0xeff644]
#
# No core dump will be written. Minidumps are not enabled by default on client versions of Windows
#
# If you would like to submit a bug report, please visit:
#   https://github.com/eclipse/openj9/issues
# The crash happened outside the Java Virtual Machine in native code.
# See problematic frame for where to report the bug.
#

---------------  S U M M A R Y ------------

Command Line: -Dfile.encoding=windows-1252 D:\Documents\IntelliJProjects\Luminescent\Luminescent.jar

Host: Intel(R) Core(TM) i7-3820 CPU @ 3.60GHz, 8 cores, 31G,  Windows 10 , 64 bit Build 18362 (10.0.18362.778)
Time: Sat May 23 20:56:12 2020 Eastern Daylight Time elapsed time: 3 seconds (0d 0h 0m 3s)

---------------  T H R E A D  ---------------

Current thread (0x000002023da9a800):  JavaThread "main" [_thread_in_native, id=49200, stack(0x000000209e400000,0x000000209e500000)]

Stack: [0x000000209e400000,0x000000209e500000],  sp=0x000000209e4fefa0,  free space=1019k
Native frames: (J=compiled Java code, j=interpreted, Vv=VM code, C=native code)
C  [nvoglv64.dll+0xeff644]

Java frames: (J=compiled Java code, j=interpreted, Vv=VM code)
j  org.lwjgl.system.JNI.callPJJJPI(JJJJIJJ)I+0
j  org.lwjgl.vulkan.VK10.nvkMapMemory(Lorg/lwjgl/vulkan/VkDevice;JJJIJ)I+23
j  org.lwjgl.vulkan.VK10.vkMapMemory(Lorg/lwjgl/vulkan/VkDevice;JJJILorg/lwjgl/PointerBuffer;)I+24
j  astechzgo.luminescent.rendering.Vulkan.createTextureImage()V+192
j  astechzgo.luminescent.rendering.Vulkan.constructBuffers()V+3
j  astechzgo.luminescent.main.Luminescent.Init()V+616
j  astechzgo.luminescent.main.Main.Init()V+59
j  astechzgo.luminescent.main.Main.Run()V+1
j  astechzgo.luminescent.main.Main.main([Ljava/lang/String;)V+13
v  ~StubRoutines::call_stub

siginfo: EXCEPTION_ACCESS_VIOLATION (0xc0000005), reading address 0x0000000000000048


Register to memory mapping:

RIP=0x00007ffd9f5cf644 nvoglv64.dll
RAX=0x0 is NULL
RBX=0x000002027fe00440 points into unknown readable memory: 00 01 00 00 00 00 00 00
RCX=0x000002027fe00440 points into unknown readable memory: 00 01 00 00 00 00 00 00
RDX=0x0 is NULL
RSP=0x000000209e4fefa0 is pointing into the stack for thread: 0x000002023da9a800
RBP=0x000000209e4ff0e8 is pointing into the stack for thread: 0x000002023da9a800
RSI=0x00000000004516b0 is an unknown value
RDI=0x0 is NULL
R8 =0x00000000004516b0 is an unknown value
R9 =0x0 is NULL
R10=0x00000000004516b0 is an unknown value
R11=0x0 is NULL
R12=0x0 is NULL
R13={method} {0x000002026d3ee328} 'callPJJJPI' '(JJJJIJJ)I' in 'org/lwjgl/system/JNI'
R14=0x000000209e4ff168 is pointing into the stack for thread: 0x000002023da9a800
R15=0x000002023da9a800 is a thread


Registers:
RAX=0x0000000000000000, RBX=0x000002027fe00440, RCX=0x000002027fe00440, RDX=0x0000000000000000
RSP=0x000000209e4fefa0, RBP=0x000000209e4ff0e8, RSI=0x00000000004516b0, RDI=0x0000000000000000
R8 =0x00000000004516b0, R9 =0x0000000000000000, R10=0x00000000004516b0, R11=0x0000000000000000
R12=0x0000000000000000, R13=0x000002026d3ee320, R14=0x000000209e4ff168, R15=0x000002023da9a800
RIP=0x00007ffd9f5cf644, EFLAGS=0x0000000000010217

Top of Stack: (sp=0x000000209e4fefa0)
0x000000209e4fefa0:   000000209e4fefc0 000002023d994170
0x000000209e4fefb0:   000002026d1f7e10 00000202479d68e3
0x000000209e4fefc0:   000002026d3ee320 000002023da9a800
0x000000209e4fefd0:   0000000000000001 000002024798eec0
0x000000209e4fefe0:   000002023da9a800 000000209e4ff168
0x000000209e4feff0:   0000000000000001 000002026d1f7e10
0x000000209e4ff000:   000002026d3ee320 000002024798f077
0x000000209e4ff010:   000002026d1f7e10 000000209e4ff0e8
0x000000209e4ff020:   0000000000000000 000002023da9a800
0x000000209e4ff030:   000002026ddbabc8 000002026ddbabc8
0x000000209e4ff040:   0000020200000000 000002026ddbabc8
0x000000209e4ff050:   00007ffd9f5984f0 000002023da9a800
0x000000209e4ff060:   0000000000000001 000002024798ed5c
0x000000209e4ff070:   000002026d3ee320 000000209e4ff0e8
0x000000209e4ff080:   000002026d1f7e10 00007ffdbec1d999
0x000000209e4ff090:   000002027fa7d910 000002024798ed16 

Instructions: (pc=0x00007ffd9f5cf644)
0x00007ffd9f5cf624:   ff 75 07 48 8b 71 70 48 2b f2 48 8b 41 68 48 89
0x00007ffd9f5cf634:   6c 24 78 4c 89 a4 24 80 00 00 00 4c 89 74 24 48
0x00007ffd9f5cf644:   48 8b 48 48 4c 89 7c 24 40 48 85 c9 74 1a 48 8b
0x00007ffd9f5cf654:   84 24 90 00 00 00 48 03 cf 48 89 08 48 89 b3 d8 


Stack slot to memory mapping:
stack at sp + 0 slots: 0x000000209e4fefc0 is pointing into the stack for thread: 0x000002023da9a800
stack at sp + 1 slots: 0x000002023d994170 points into unknown readable memory: 02 00 00 00 02 02 00 00
stack at sp + 2 slots: 0x000002026d1f7e10 is pointing into metadata
stack at sp + 3 slots: 0x00000202479d68e3 is at code_begin+5731 in 
[CodeBlob (0x00000202479d5210)]
Framesize: 0
BufferBlob (0x00000202479d5210) used for native signature handlers
stack at sp + 4 slots: {method} {0x000002026d3ee328} 'callPJJJPI' '(JJJJIJJ)I' in 'org/lwjgl/system/JNI'
stack at sp + 5 slots: 0x000002023da9a800 is a thread
stack at sp + 6 slots: 0x0000000000000001 is an unknown value
stack at sp + 7 slots: 0x000002024798eec0 is at code_begin+608 in an Interpreter codelet
method entry point (kind = native)  [0x000002024798ec60, 0x000002024798f7c0]  2912 bytes


---------------  P R O C E S S  ---------------

Threads class SMR info:
_java_thread_list=0x00000202754ef250, length=16, elements={
0x000002023da9a800, 0x000002026cf18000, 0x000002026cf21800, 0x000002026cf2e000,
0x000002026d857800, 0x000002026d859000, 0x000002026d862800, 0x000002026d86c000,
0x000002026d99e800, 0x000002026d9a3000, 0x000002026dd3f800, 0x000002026d9b0800,
0x00000202757e5000, 0x00000202757e6000, 0x00000202755cb800, 0x000002027557c000
}

Java Threads: ( => current thread )
=>0x000002023da9a800 JavaThread "main" [_thread_in_native, id=49200, stack(0x000000209e400000,0x000000209e500000)]
  0x000002026cf18000 JavaThread "Reference Handler" daemon [_thread_blocked, id=38004, stack(0x000000209eb00000,0x000000209ec00000)]
  0x000002026cf21800 JavaThread "Finalizer" daemon [_thread_blocked, id=49520, stack(0x000000209ec00000,0x000000209ed00000)]
  0x000002026cf2e000 JavaThread "Signal Dispatcher" daemon [_thread_blocked, id=31128, stack(0x000000209ed00000,0x000000209ee00000)]
  0x000002026d857800 JavaThread "Attach Listener" daemon [_thread_blocked, id=49024, stack(0x000000209ee00000,0x000000209ef00000)]
  0x000002026d859000 JavaThread "C2 CompilerThread0" daemon [_thread_blocked, id=43112, stack(0x000000209ef00000,0x000000209f000000)]
  0x000002026d862800 JavaThread "C1 CompilerThread0" daemon [_thread_blocked, id=49404, stack(0x000000209f000000,0x000000209f100000)]
  0x000002026d86c000 JavaThread "Sweeper thread" daemon [_thread_blocked, id=44424, stack(0x000000209f100000,0x000000209f200000)]
  0x000002026d99e800 JavaThread "Service Thread" daemon [_thread_blocked, id=42376, stack(0x000000209f200000,0x000000209f300000)]
  0x000002026d9a3000 JavaThread "Common-Cleaner" daemon [_thread_blocked, id=43640, stack(0x000000209f400000,0x000000209f500000)]
  0x000002026dd3f800 JavaThread "Java2D Disposer" daemon [_thread_blocked, id=49032, stack(0x000000209f500000,0x000000209f600000)]
  0x000002026d9b0800 JavaThread "Timer-0" [_thread_blocked, id=31148, stack(0x000000209fe00000,0x000000209ff00000)]
  0x00000202757e5000 JavaThread "C2 CompilerThread1" daemon [_thread_blocked, id=17108, stack(0x00000020a0400000,0x00000020a0500000)]
  0x00000202757e6000 JavaThread "C2 CompilerThread2" daemon [_thread_blocked, id=36904, stack(0x00000020a0500000,0x00000020a0600000)]
  0x00000202755cb800 JavaThread "AWT-Shutdown" [_thread_blocked, id=48776, stack(0x00000020a0d00000,0x00000020a0e00000)]
  0x000002027557c000 JavaThread "AWT-Windows" daemon [_thread_in_native, id=44280, stack(0x00000020a0e00000,0x00000020a0f00000)]

Other Threads:
  0x000002026cf14800 VMThread "VM Thread" [stack: 0x000000209ea00000,0x000000209eb00000] [id=17792]
  0x000002026d9a2000 WatcherThread [stack: 0x000000209f300000,0x000000209f400000] [id=46612]
  0x000002023db1b800 GCTaskThread "GC Thread#0" [stack: 0x000000209e500000,0x000000209e600000] [id=19604]
  0x0000020275510000 GCTaskThread "GC Thread#1" [stack: 0x00000020a0600000,0x00000020a0700000] [id=22992]
  0x0000020275510800 GCTaskThread "GC Thread#2" [stack: 0x00000020a0700000,0x00000020a0800000] [id=45996]
  0x000002027582c800 GCTaskThread "GC Thread#3" [stack: 0x00000020a0800000,0x00000020a0900000] [id=36224]
  0x0000020275587800 GCTaskThread "GC Thread#4" [stack: 0x00000020a0900000,0x00000020a0a00000] [id=28688]
  0x00000202755b2800 GCTaskThread "GC Thread#5" [stack: 0x00000020a0a00000,0x00000020a0b00000] [id=27484]
  0x00000202755b5800 GCTaskThread "GC Thread#6" [stack: 0x00000020a0b00000,0x00000020a0c00000] [id=17512]
  0x00000202755b6800 GCTaskThread "GC Thread#7" [stack: 0x00000020a0c00000,0x00000020a0d00000] [id=28924]
  0x000002023db36000 ConcurrentGCThread "G1 Main Marker" [stack: 0x000000209e600000,0x000000209e700000] [id=49060]
  0x000002023db39800 ConcurrentGCThread "G1 Conc#0" [stack: 0x000000209e700000,0x000000209e800000] [id=47284]
  0x000002026ceb2000 ConcurrentGCThread "G1 Refine#0" [stack: 0x000000209e800000,0x000000209e900000] [id=42992]
  0x000002026ceb5000 ConcurrentGCThread "G1 Young RemSet Sampling" [stack: 0x000000209e900000,0x000000209ea00000] [id=17636]

Threads with active compile tasks:

VM state:not at safepoint (normal execution)

VM Mutex/Monitor currently owned by a thread: None

Heap address: 0x0000000600e00000, size: 8178 MB, Compressed Oops mode: Zero based, Oop shift amount: 3
Narrow klass base: 0x0000000800000000, Narrow klass shift: 3
Compressed class space size: 1073741824 Address: 0x00000008011a0000

Heap:
 garbage-first heap   total 524288K, used 32123K [0x0000000600e00000, 0x0000000800000000)
  region size 2048K, 8 young (16384K), 2 survivors (4096K)
 Metaspace       used 11445K, capacity 11851K, committed 12032K, reserved 1060864K
  class space    used 1023K, capacity 1176K, committed 1280K, reserved 1048576K
Heap Regions: E=young(eden), S=young(survivor), O=old, HS=humongous(starts), HC=humongous(continues), CS=collection set, F=free, A=archive, TAMS=top-at-mark-start (previous, next)
|   0|0x0000000600e00000, 0x0000000601000000, 0x0000000601000000|100%|HS|  |TAMS 0x0000000600e00000, 0x0000000600e00000| Complete 
|   1|0x0000000601000000, 0x0000000601200000, 0x0000000601200000|100%|HS|  |TAMS 0x0000000601000000, 0x0000000601000000| Complete 
|   2|0x0000000601200000, 0x0000000601400000, 0x0000000601400000|100%|HS|  |TAMS 0x0000000601200000, 0x0000000601200000| Complete 
|   3|0x0000000601400000, 0x0000000601600000, 0x0000000601600000|100%|HS|  |TAMS 0x0000000601400000, 0x0000000601400000| Complete 
|   4|0x0000000601600000, 0x0000000601800000, 0x0000000601800000|100%|HC|  |TAMS 0x0000000601600000, 0x0000000601600000| Complete 
|   5|0x0000000601800000, 0x0000000601a00000, 0x0000000601a00000|100%|HC|  |TAMS 0x0000000601800000, 0x0000000601800000| Complete 
|   6|0x0000000601a00000, 0x0000000601c00000, 0x0000000601c00000|100%|HS|  |TAMS 0x0000000601a00000, 0x0000000601a00000| Complete 
|   7|0x0000000601c00000, 0x0000000601e00000, 0x0000000601e00000|100%|HC|  |TAMS 0x0000000601c00000, 0x0000000601c00000| Complete 
|   8|0x0000000601e00000, 0x0000000602000000, 0x0000000602000000|100%|HC|  |TAMS 0x0000000601e00000, 0x0000000601e00000| Complete 
|   9|0x0000000602000000, 0x0000000602000000, 0x0000000602200000|  0%| F|  |TAMS 0x0000000602000000, 0x0000000602000000| Untracked 
|  10|0x0000000602200000, 0x0000000602200000, 0x0000000602400000|  0%| F|  |TAMS 0x0000000602200000, 0x0000000602200000| Untracked 
|  11|0x0000000602400000, 0x0000000602400000, 0x0000000602600000|  0%| F|  |TAMS 0x0000000602400000, 0x0000000602400000| Untracked 
|  12|0x0000000602600000, 0x0000000602600000, 0x0000000602800000|  0%| F|  |TAMS 0x0000000602600000, 0x0000000602600000| Untracked 
|  13|0x0000000602800000, 0x0000000602800000, 0x0000000602a00000|  0%| F|  |TAMS 0x0000000602800000, 0x0000000602800000| Untracked 
|  14|0x0000000602a00000, 0x0000000602a00000, 0x0000000602c00000|  0%| F|  |TAMS 0x0000000602a00000, 0x0000000602a00000| Untracked 
|  15|0x0000000602c00000, 0x0000000602c00000, 0x0000000602e00000|  0%| F|  |TAMS 0x0000000602c00000, 0x0000000602c00000| Untracked 
|  16|0x0000000602e00000, 0x0000000602e00000, 0x0000000603000000|  0%| F|  |TAMS 0x0000000602e00000, 0x0000000602e00000| Untracked 
|  17|0x0000000603000000, 0x0000000603000000, 0x0000000603200000|  0%| F|  |TAMS 0x0000000603000000, 0x0000000603000000| Untracked 
|  18|0x0000000603200000, 0x0000000603200000, 0x0000000603400000|  0%| F|  |TAMS 0x0000000603200000, 0x0000000603200000| Untracked 
|  19|0x0000000603400000, 0x0000000603400000, 0x0000000603600000|  0%| F|  |TAMS 0x0000000603400000, 0x0000000603400000| Untracked 
|  20|0x0000000603600000, 0x0000000603600000, 0x0000000603800000|  0%| F|  |TAMS 0x0000000603600000, 0x0000000603600000| Untracked 
|  21|0x0000000603800000, 0x0000000603800000, 0x0000000603a00000|  0%| F|  |TAMS 0x0000000603800000, 0x0000000603800000| Untracked 
|  22|0x0000000603a00000, 0x0000000603a00000, 0x0000000603c00000|  0%| F|  |TAMS 0x0000000603a00000, 0x0000000603a00000| Untracked 
|  23|0x0000000603c00000, 0x0000000603c00000, 0x0000000603e00000|  0%| F|  |TAMS 0x0000000603c00000, 0x0000000603c00000| Untracked 
|  24|0x0000000603e00000, 0x0000000603e00000, 0x0000000604000000|  0%| F|  |TAMS 0x0000000603e00000, 0x0000000603e00000| Untracked 
|  25|0x0000000604000000, 0x0000000604000000, 0x0000000604200000|  0%| F|  |TAMS 0x0000000604000000, 0x0000000604000000| Untracked 
|  26|0x0000000604200000, 0x0000000604200000, 0x0000000604400000|  0%| F|  |TAMS 0x0000000604200000, 0x0000000604200000| Untracked 
|  27|0x0000000604400000, 0x0000000604400000, 0x0000000604600000|  0%| F|  |TAMS 0x0000000604400000, 0x0000000604400000| Untracked 
|  28|0x0000000604600000, 0x0000000604600000, 0x0000000604800000|  0%| F|  |TAMS 0x0000000604600000, 0x0000000604600000| Untracked 
|  29|0x0000000604800000, 0x0000000604800000, 0x0000000604a00000|  0%| F|  |TAMS 0x0000000604800000, 0x0000000604800000| Untracked 
|  30|0x0000000604a00000, 0x0000000604a00000, 0x0000000604c00000|  0%| F|  |TAMS 0x0000000604a00000, 0x0000000604a00000| Untracked 
|  31|0x0000000604c00000, 0x0000000604c00000, 0x0000000604e00000|  0%| F|  |TAMS 0x0000000604c00000, 0x0000000604c00000| Untracked 
|  32|0x0000000604e00000, 0x0000000604e00000, 0x0000000605000000|  0%| F|  |TAMS 0x0000000604e00000, 0x0000000604e00000| Untracked 
|  33|0x0000000605000000, 0x0000000605000000, 0x0000000605200000|  0%| F|  |TAMS 0x0000000605000000, 0x0000000605000000| Untracked 
|  34|0x0000000605200000, 0x0000000605200000, 0x0000000605400000|  0%| F|  |TAMS 0x0000000605200000, 0x0000000605200000| Untracked 
|  35|0x0000000605400000, 0x0000000605400000, 0x0000000605600000|  0%| F|  |TAMS 0x0000000605400000, 0x0000000605400000| Untracked 
|  36|0x0000000605600000, 0x0000000605600000, 0x0000000605800000|  0%| F|  |TAMS 0x0000000605600000, 0x0000000605600000| Untracked 
|  37|0x0000000605800000, 0x0000000605800000, 0x0000000605a00000|  0%| F|  |TAMS 0x0000000605800000, 0x0000000605800000| Untracked 
|  38|0x0000000605a00000, 0x0000000605a00000, 0x0000000605c00000|  0%| F|  |TAMS 0x0000000605a00000, 0x0000000605a00000| Untracked 
|  39|0x0000000605c00000, 0x0000000605c00000, 0x0000000605e00000|  0%| F|  |TAMS 0x0000000605c00000, 0x0000000605c00000| Untracked 
|  40|0x0000000605e00000, 0x0000000605e00000, 0x0000000606000000|  0%| F|  |TAMS 0x0000000605e00000, 0x0000000605e00000| Untracked 
|  41|0x0000000606000000, 0x0000000606000000, 0x0000000606200000|  0%| F|  |TAMS 0x0000000606000000, 0x0000000606000000| Untracked 
|  42|0x0000000606200000, 0x0000000606200000, 0x0000000606400000|  0%| F|  |TAMS 0x0000000606200000, 0x0000000606200000| Untracked 
|  43|0x0000000606400000, 0x0000000606400000, 0x0000000606600000|  0%| F|  |TAMS 0x0000000606400000, 0x0000000606400000| Untracked 
|  44|0x0000000606600000, 0x0000000606600000, 0x0000000606800000|  0%| F|  |TAMS 0x0000000606600000, 0x0000000606600000| Untracked 
|  45|0x0000000606800000, 0x0000000606800000, 0x0000000606a00000|  0%| F|  |TAMS 0x0000000606800000, 0x0000000606800000| Untracked 
|  46|0x0000000606a00000, 0x0000000606a00000, 0x0000000606c00000|  0%| F|  |TAMS 0x0000000606a00000, 0x0000000606a00000| Untracked 
|  47|0x0000000606c00000, 0x0000000606c00000, 0x0000000606e00000|  0%| F|  |TAMS 0x0000000606c00000, 0x0000000606c00000| Untracked 
|  48|0x0000000606e00000, 0x0000000606e00000, 0x0000000607000000|  0%| F|  |TAMS 0x0000000606e00000, 0x0000000606e00000| Untracked 
|  49|0x0000000607000000, 0x0000000607000000, 0x0000000607200000|  0%| F|  |TAMS 0x0000000607000000, 0x0000000607000000| Untracked 
|  50|0x0000000607200000, 0x0000000607200000, 0x0000000607400000|  0%| F|  |TAMS 0x0000000607200000, 0x0000000607200000| Untracked 
|  51|0x0000000607400000, 0x0000000607400000, 0x0000000607600000|  0%| F|  |TAMS 0x0000000607400000, 0x0000000607400000| Untracked 
|  52|0x0000000607600000, 0x0000000607600000, 0x0000000607800000|  0%| F|  |TAMS 0x0000000607600000, 0x0000000607600000| Untracked 
|  53|0x0000000607800000, 0x0000000607800000, 0x0000000607a00000|  0%| F|  |TAMS 0x0000000607800000, 0x0000000607800000| Untracked 
|  54|0x0000000607a00000, 0x0000000607a00000, 0x0000000607c00000|  0%| F|  |TAMS 0x0000000607a00000, 0x0000000607a00000| Untracked 
|  55|0x0000000607c00000, 0x0000000607c00000, 0x0000000607e00000|  0%| F|  |TAMS 0x0000000607c00000, 0x0000000607c00000| Untracked 
|  56|0x0000000607e00000, 0x0000000607e00000, 0x0000000608000000|  0%| F|  |TAMS 0x0000000607e00000, 0x0000000607e00000| Untracked 
|  57|0x0000000608000000, 0x0000000608000000, 0x0000000608200000|  0%| F|  |TAMS 0x0000000608000000, 0x0000000608000000| Untracked 
|  58|0x0000000608200000, 0x0000000608200000, 0x0000000608400000|  0%| F|  |TAMS 0x0000000608200000, 0x0000000608200000| Untracked 
|  59|0x0000000608400000, 0x0000000608400000, 0x0000000608600000|  0%| F|  |TAMS 0x0000000608400000, 0x0000000608400000| Untracked 
|  60|0x0000000608600000, 0x0000000608600000, 0x0000000608800000|  0%| F|  |TAMS 0x0000000608600000, 0x0000000608600000| Untracked 
|  61|0x0000000608800000, 0x0000000608800000, 0x0000000608a00000|  0%| F|  |TAMS 0x0000000608800000, 0x0000000608800000| Untracked 
|  62|0x0000000608a00000, 0x0000000608a00000, 0x0000000608c00000|  0%| F|  |TAMS 0x0000000608a00000, 0x0000000608a00000| Untracked 
|  63|0x0000000608c00000, 0x0000000608c00000, 0x0000000608e00000|  0%| F|  |TAMS 0x0000000608c00000, 0x0000000608c00000| Untracked 
|  64|0x0000000608e00000, 0x0000000608e00000, 0x0000000609000000|  0%| F|  |TAMS 0x0000000608e00000, 0x0000000608e00000| Untracked 
|  65|0x0000000609000000, 0x0000000609000000, 0x0000000609200000|  0%| F|  |TAMS 0x0000000609000000, 0x0000000609000000| Untracked 
|  66|0x0000000609200000, 0x0000000609200000, 0x0000000609400000|  0%| F|  |TAMS 0x0000000609200000, 0x0000000609200000| Untracked 
|  67|0x0000000609400000, 0x0000000609400000, 0x0000000609600000|  0%| F|  |TAMS 0x0000000609400000, 0x0000000609400000| Untracked 
|  68|0x0000000609600000, 0x0000000609600000, 0x0000000609800000|  0%| F|  |TAMS 0x0000000609600000, 0x0000000609600000| Untracked 
|  69|0x0000000609800000, 0x0000000609800000, 0x0000000609a00000|  0%| F|  |TAMS 0x0000000609800000, 0x0000000609800000| Untracked 
|  70|0x0000000609a00000, 0x0000000609a00000, 0x0000000609c00000|  0%| F|  |TAMS 0x0000000609a00000, 0x0000000609a00000| Untracked 
|  71|0x0000000609c00000, 0x0000000609c00000, 0x0000000609e00000|  0%| F|  |TAMS 0x0000000609c00000, 0x0000000609c00000| Untracked 
|  72|0x0000000609e00000, 0x0000000609e00000, 0x000000060a000000|  0%| F|  |TAMS 0x0000000609e00000, 0x0000000609e00000| Untracked 
|  73|0x000000060a000000, 0x000000060a000000, 0x000000060a200000|  0%| F|  |TAMS 0x000000060a000000, 0x000000060a000000| Untracked 
|  74|0x000000060a200000, 0x000000060a200000, 0x000000060a400000|  0%| F|  |TAMS 0x000000060a200000, 0x000000060a200000| Untracked 
|  75|0x000000060a400000, 0x000000060a400000, 0x000000060a600000|  0%| F|  |TAMS 0x000000060a400000, 0x000000060a400000| Untracked 
|  76|0x000000060a600000, 0x000000060a600000, 0x000000060a800000|  0%| F|  |TAMS 0x000000060a600000, 0x000000060a600000| Untracked 
|  77|0x000000060a800000, 0x000000060a800000, 0x000000060aa00000|  0%| F|  |TAMS 0x000000060a800000, 0x000000060a800000| Untracked 
|  78|0x000000060aa00000, 0x000000060aa00000, 0x000000060ac00000|  0%| F|  |TAMS 0x000000060aa00000, 0x000000060aa00000| Untracked 
|  79|0x000000060ac00000, 0x000000060ac00000, 0x000000060ae00000|  0%| F|  |TAMS 0x000000060ac00000, 0x000000060ac00000| Untracked 
|  80|0x000000060ae00000, 0x000000060ae00000, 0x000000060b000000|  0%| F|  |TAMS 0x000000060ae00000, 0x000000060ae00000| Untracked 
|  81|0x000000060b000000, 0x000000060b000000, 0x000000060b200000|  0%| F|  |TAMS 0x000000060b000000, 0x000000060b000000| Untracked 
|  82|0x000000060b200000, 0x000000060b200000, 0x000000060b400000|  0%| F|  |TAMS 0x000000060b200000, 0x000000060b200000| Untracked 
|  83|0x000000060b400000, 0x000000060b400000, 0x000000060b600000|  0%| F|  |TAMS 0x000000060b400000, 0x000000060b400000| Untracked 
|  84|0x000000060b600000, 0x000000060b600000, 0x000000060b800000|  0%| F|  |TAMS 0x000000060b600000, 0x000000060b600000| Untracked 
|  85|0x000000060b800000, 0x000000060b800000, 0x000000060ba00000|  0%| F|  |TAMS 0x000000060b800000, 0x000000060b800000| Untracked 
|  86|0x000000060ba00000, 0x000000060ba00000, 0x000000060bc00000|  0%| F|  |TAMS 0x000000060ba00000, 0x000000060ba00000| Untracked 
|  87|0x000000060bc00000, 0x000000060bc00000, 0x000000060be00000|  0%| F|  |TAMS 0x000000060bc00000, 0x000000060bc00000| Untracked 
|  88|0x000000060be00000, 0x000000060be00000, 0x000000060c000000|  0%| F|  |TAMS 0x000000060be00000, 0x000000060be00000| Untracked 
|  89|0x000000060c000000, 0x000000060c000000, 0x000000060c200000|  0%| F|  |TAMS 0x000000060c000000, 0x000000060c000000| Untracked 
|  90|0x000000060c200000, 0x000000060c200000, 0x000000060c400000|  0%| F|  |TAMS 0x000000060c200000, 0x000000060c200000| Untracked 
|  91|0x000000060c400000, 0x000000060c400000, 0x000000060c600000|  0%| F|  |TAMS 0x000000060c400000, 0x000000060c400000| Untracked 
|  92|0x000000060c600000, 0x000000060c600000, 0x000000060c800000|  0%| F|  |TAMS 0x000000060c600000, 0x000000060c600000| Untracked 
|  93|0x000000060c800000, 0x000000060c800000, 0x000000060ca00000|  0%| F|  |TAMS 0x000000060c800000, 0x000000060c800000| Untracked 
|  94|0x000000060ca00000, 0x000000060ca00000, 0x000000060cc00000|  0%| F|  |TAMS 0x000000060ca00000, 0x000000060ca00000| Untracked 
|  95|0x000000060cc00000, 0x000000060cc00000, 0x000000060ce00000|  0%| F|  |TAMS 0x000000060cc00000, 0x000000060cc00000| Untracked 
|  96|0x000000060ce00000, 0x000000060ce00000, 0x000000060d000000|  0%| F|  |TAMS 0x000000060ce00000, 0x000000060ce00000| Untracked 
|  97|0x000000060d000000, 0x000000060d000000, 0x000000060d200000|  0%| F|  |TAMS 0x000000060d000000, 0x000000060d000000| Untracked 
|  98|0x000000060d200000, 0x000000060d200000, 0x000000060d400000|  0%| F|  |TAMS 0x000000060d200000, 0x000000060d200000| Untracked 
|  99|0x000000060d400000, 0x000000060d400000, 0x000000060d600000|  0%| F|  |TAMS 0x000000060d400000, 0x000000060d400000| Untracked 
| 100|0x000000060d600000, 0x000000060d600000, 0x000000060d800000|  0%| F|  |TAMS 0x000000060d600000, 0x000000060d600000| Untracked 
| 101|0x000000060d800000, 0x000000060d800000, 0x000000060da00000|  0%| F|  |TAMS 0x000000060d800000, 0x000000060d800000| Untracked 
| 102|0x000000060da00000, 0x000000060da00000, 0x000000060dc00000|  0%| F|  |TAMS 0x000000060da00000, 0x000000060da00000| Untracked 
| 103|0x000000060dc00000, 0x000000060dc00000, 0x000000060de00000|  0%| F|  |TAMS 0x000000060dc00000, 0x000000060dc00000| Untracked 
| 104|0x000000060de00000, 0x000000060de00000, 0x000000060e000000|  0%| F|  |TAMS 0x000000060de00000, 0x000000060de00000| Untracked 
| 105|0x000000060e000000, 0x000000060e000000, 0x000000060e200000|  0%| F|  |TAMS 0x000000060e000000, 0x000000060e000000| Untracked 
| 106|0x000000060e200000, 0x000000060e200000, 0x000000060e400000|  0%| F|  |TAMS 0x000000060e200000, 0x000000060e200000| Untracked 
| 107|0x000000060e400000, 0x000000060e400000, 0x000000060e600000|  0%| F|  |TAMS 0x000000060e400000, 0x000000060e400000| Untracked 
| 108|0x000000060e600000, 0x000000060e600000, 0x000000060e800000|  0%| F|  |TAMS 0x000000060e600000, 0x000000060e600000| Untracked 
| 109|0x000000060e800000, 0x000000060e800000, 0x000000060ea00000|  0%| F|  |TAMS 0x000000060e800000, 0x000000060e800000| Untracked 
| 110|0x000000060ea00000, 0x000000060ea00000, 0x000000060ec00000|  0%| F|  |TAMS 0x000000060ea00000, 0x000000060ea00000| Untracked 
| 111|0x000000060ec00000, 0x000000060ec00000, 0x000000060ee00000|  0%| F|  |TAMS 0x000000060ec00000, 0x000000060ec00000| Untracked 
| 112|0x000000060ee00000, 0x000000060ee00000, 0x000000060f000000|  0%| F|  |TAMS 0x000000060ee00000, 0x000000060ee00000| Untracked 
| 113|0x000000060f000000, 0x000000060f000000, 0x000000060f200000|  0%| F|  |TAMS 0x000000060f000000, 0x000000060f000000| Untracked 
| 114|0x000000060f200000, 0x000000060f200000, 0x000000060f400000|  0%| F|  |TAMS 0x000000060f200000, 0x000000060f200000| Untracked 
| 115|0x000000060f400000, 0x000000060f400000, 0x000000060f600000|  0%| F|  |TAMS 0x000000060f400000, 0x000000060f400000| Untracked 
| 116|0x000000060f600000, 0x000000060f600000, 0x000000060f800000|  0%| F|  |TAMS 0x000000060f600000, 0x000000060f600000| Untracked 
| 117|0x000000060f800000, 0x000000060f800000, 0x000000060fa00000|  0%| F|  |TAMS 0x000000060f800000, 0x000000060f800000| Untracked 
| 118|0x000000060fa00000, 0x000000060fa00000, 0x000000060fc00000|  0%| F|  |TAMS 0x000000060fa00000, 0x000000060fa00000| Untracked 
| 119|0x000000060fc00000, 0x000000060fc00000, 0x000000060fe00000|  0%| F|  |TAMS 0x000000060fc00000, 0x000000060fc00000| Untracked 
| 120|0x000000060fe00000, 0x000000060fe00000, 0x0000000610000000|  0%| F|  |TAMS 0x000000060fe00000, 0x000000060fe00000| Untracked 
| 121|0x0000000610000000, 0x0000000610000000, 0x0000000610200000|  0%| F|  |TAMS 0x0000000610000000, 0x0000000610000000| Untracked 
| 122|0x0000000610200000, 0x0000000610200000, 0x0000000610400000|  0%| F|  |TAMS 0x0000000610200000, 0x0000000610200000| Untracked 
| 123|0x0000000610400000, 0x0000000610400000, 0x0000000610600000|  0%| F|  |TAMS 0x0000000610400000, 0x0000000610400000| Untracked 
| 124|0x0000000610600000, 0x0000000610600000, 0x0000000610800000|  0%| F|  |TAMS 0x0000000610600000, 0x0000000610600000| Untracked 
| 125|0x0000000610800000, 0x0000000610800000, 0x0000000610a00000|  0%| F|  |TAMS 0x0000000610800000, 0x0000000610800000| Untracked 
| 126|0x0000000610a00000, 0x0000000610a00000, 0x0000000610c00000|  0%| F|  |TAMS 0x0000000610a00000, 0x0000000610a00000| Untracked 
| 127|0x0000000610c00000, 0x0000000610c00000, 0x0000000610e00000|  0%| F|  |TAMS 0x0000000610c00000, 0x0000000610c00000| Untracked 
| 128|0x0000000610e00000, 0x0000000610e00000, 0x0000000611000000|  0%| F|  |TAMS 0x0000000610e00000, 0x0000000610e00000| Untracked 
| 129|0x0000000611000000, 0x0000000611000000, 0x0000000611200000|  0%| F|  |TAMS 0x0000000611000000, 0x0000000611000000| Untracked 
| 130|0x0000000611200000, 0x0000000611200000, 0x0000000611400000|  0%| F|  |TAMS 0x0000000611200000, 0x0000000611200000| Untracked 
| 131|0x0000000611400000, 0x0000000611400000, 0x0000000611600000|  0%| F|  |TAMS 0x0000000611400000, 0x0000000611400000| Untracked 
| 132|0x0000000611600000, 0x0000000611600000, 0x0000000611800000|  0%| F|  |TAMS 0x0000000611600000, 0x0000000611600000| Untracked 
| 133|0x0000000611800000, 0x0000000611800000, 0x0000000611a00000|  0%| F|  |TAMS 0x0000000611800000, 0x0000000611800000| Untracked 
| 134|0x0000000611a00000, 0x0000000611a00000, 0x0000000611c00000|  0%| F|  |TAMS 0x0000000611a00000, 0x0000000611a00000| Untracked 
| 135|0x0000000611c00000, 0x0000000611c00000, 0x0000000611e00000|  0%| F|  |TAMS 0x0000000611c00000, 0x0000000611c00000| Untracked 
| 136|0x0000000611e00000, 0x0000000611e00000, 0x0000000612000000|  0%| F|  |TAMS 0x0000000611e00000, 0x0000000611e00000| Untracked 
| 137|0x0000000612000000, 0x0000000612000000, 0x0000000612200000|  0%| F|  |TAMS 0x0000000612000000, 0x0000000612000000| Untracked 
| 138|0x0000000612200000, 0x0000000612200000, 0x0000000612400000|  0%| F|  |TAMS 0x0000000612200000, 0x0000000612200000| Untracked 
| 139|0x0000000612400000, 0x0000000612400000, 0x0000000612600000|  0%| F|  |TAMS 0x0000000612400000, 0x0000000612400000| Untracked 
| 140|0x0000000612600000, 0x0000000612600000, 0x0000000612800000|  0%| F|  |TAMS 0x0000000612600000, 0x0000000612600000| Untracked 
| 141|0x0000000612800000, 0x0000000612800000, 0x0000000612a00000|  0%| F|  |TAMS 0x0000000612800000, 0x0000000612800000| Untracked 
| 142|0x0000000612a00000, 0x0000000612a00000, 0x0000000612c00000|  0%| F|  |TAMS 0x0000000612a00000, 0x0000000612a00000| Untracked 
| 143|0x0000000612c00000, 0x0000000612c00000, 0x0000000612e00000|  0%| F|  |TAMS 0x0000000612c00000, 0x0000000612c00000| Untracked 
| 144|0x0000000612e00000, 0x0000000612e00000, 0x0000000613000000|  0%| F|  |TAMS 0x0000000612e00000, 0x0000000612e00000| Untracked 
| 145|0x0000000613000000, 0x0000000613000000, 0x0000000613200000|  0%| F|  |TAMS 0x0000000613000000, 0x0000000613000000| Untracked 
| 146|0x0000000613200000, 0x0000000613200000, 0x0000000613400000|  0%| F|  |TAMS 0x0000000613200000, 0x0000000613200000| Untracked 
| 147|0x0000000613400000, 0x0000000613400000, 0x0000000613600000|  0%| F|  |TAMS 0x0000000613400000, 0x0000000613400000| Untracked 
| 148|0x0000000613600000, 0x0000000613600000, 0x0000000613800000|  0%| F|  |TAMS 0x0000000613600000, 0x0000000613600000| Untracked 
| 149|0x0000000613800000, 0x0000000613800000, 0x0000000613a00000|  0%| F|  |TAMS 0x0000000613800000, 0x0000000613800000| Untracked 
| 150|0x0000000613a00000, 0x0000000613a00000, 0x0000000613c00000|  0%| F|  |TAMS 0x0000000613a00000, 0x0000000613a00000| Untracked 
| 151|0x0000000613c00000, 0x0000000613c00000, 0x0000000613e00000|  0%| F|  |TAMS 0x0000000613c00000, 0x0000000613c00000| Untracked 
| 152|0x0000000613e00000, 0x0000000613e00000, 0x0000000614000000|  0%| F|  |TAMS 0x0000000613e00000, 0x0000000613e00000| Untracked 
| 153|0x0000000614000000, 0x0000000614000000, 0x0000000614200000|  0%| F|  |TAMS 0x0000000614000000, 0x0000000614000000| Untracked 
| 154|0x0000000614200000, 0x0000000614200000, 0x0000000614400000|  0%| F|  |TAMS 0x0000000614200000, 0x0000000614200000| Untracked 
| 155|0x0000000614400000, 0x0000000614400000, 0x0000000614600000|  0%| F|  |TAMS 0x0000000614400000, 0x0000000614400000| Untracked 
| 156|0x0000000614600000, 0x0000000614600000, 0x0000000614800000|  0%| F|  |TAMS 0x0000000614600000, 0x0000000614600000| Untracked 
| 157|0x0000000614800000, 0x0000000614800000, 0x0000000614a00000|  0%| F|  |TAMS 0x0000000614800000, 0x0000000614800000| Untracked 
| 158|0x0000000614a00000, 0x0000000614a00000, 0x0000000614c00000|  0%| F|  |TAMS 0x0000000614a00000, 0x0000000614a00000| Untracked 
| 159|0x0000000614c00000, 0x0000000614c00000, 0x0000000614e00000|  0%| F|  |TAMS 0x0000000614c00000, 0x0000000614c00000| Untracked 
| 160|0x0000000614e00000, 0x0000000614e00000, 0x0000000615000000|  0%| F|  |TAMS 0x0000000614e00000, 0x0000000614e00000| Untracked 
| 161|0x0000000615000000, 0x0000000615000000, 0x0000000615200000|  0%| F|  |TAMS 0x0000000615000000, 0x0000000615000000| Untracked 
| 162|0x0000000615200000, 0x0000000615200000, 0x0000000615400000|  0%| F|  |TAMS 0x0000000615200000, 0x0000000615200000| Untracked 
| 163|0x0000000615400000, 0x0000000615400000, 0x0000000615600000|  0%| F|  |TAMS 0x0000000615400000, 0x0000000615400000| Untracked 
| 164|0x0000000615600000, 0x0000000615600000, 0x0000000615800000|  0%| F|  |TAMS 0x0000000615600000, 0x0000000615600000| Untracked 
| 165|0x0000000615800000, 0x0000000615800000, 0x0000000615a00000|  0%| F|  |TAMS 0x0000000615800000, 0x0000000615800000| Untracked 
| 166|0x0000000615a00000, 0x0000000615a00000, 0x0000000615c00000|  0%| F|  |TAMS 0x0000000615a00000, 0x0000000615a00000| Untracked 
| 167|0x0000000615c00000, 0x0000000615c00000, 0x0000000615e00000|  0%| F|  |TAMS 0x0000000615c00000, 0x0000000615c00000| Untracked 
| 168|0x0000000615e00000, 0x0000000615e00000, 0x0000000616000000|  0%| F|  |TAMS 0x0000000615e00000, 0x0000000615e00000| Untracked 
| 169|0x0000000616000000, 0x0000000616000000, 0x0000000616200000|  0%| F|  |TAMS 0x0000000616000000, 0x0000000616000000| Untracked 
| 170|0x0000000616200000, 0x0000000616200000, 0x0000000616400000|  0%| F|  |TAMS 0x0000000616200000, 0x0000000616200000| Untracked 
| 171|0x0000000616400000, 0x0000000616400000, 0x0000000616600000|  0%| F|  |TAMS 0x0000000616400000, 0x0000000616400000| Untracked 
| 172|0x0000000616600000, 0x0000000616600000, 0x0000000616800000|  0%| F|  |TAMS 0x0000000616600000, 0x0000000616600000| Untracked 
| 173|0x0000000616800000, 0x0000000616800000, 0x0000000616a00000|  0%| F|  |TAMS 0x0000000616800000, 0x0000000616800000| Untracked 
| 174|0x0000000616a00000, 0x0000000616a00000, 0x0000000616c00000|  0%| F|  |TAMS 0x0000000616a00000, 0x0000000616a00000| Untracked 
| 175|0x0000000616c00000, 0x0000000616c00000, 0x0000000616e00000|  0%| F|  |TAMS 0x0000000616c00000, 0x0000000616c00000| Untracked 
| 176|0x0000000616e00000, 0x0000000616e00000, 0x0000000617000000|  0%| F|  |TAMS 0x0000000616e00000, 0x0000000616e00000| Untracked 
| 177|0x0000000617000000, 0x0000000617000000, 0x0000000617200000|  0%| F|  |TAMS 0x0000000617000000, 0x0000000617000000| Untracked 
| 178|0x0000000617200000, 0x0000000617200000, 0x0000000617400000|  0%| F|  |TAMS 0x0000000617200000, 0x0000000617200000| Untracked 
| 179|0x0000000617400000, 0x0000000617400000, 0x0000000617600000|  0%| F|  |TAMS 0x0000000617400000, 0x0000000617400000| Untracked 
| 180|0x0000000617600000, 0x0000000617600000, 0x0000000617800000|  0%| F|  |TAMS 0x0000000617600000, 0x0000000617600000| Untracked 
| 181|0x0000000617800000, 0x0000000617800000, 0x0000000617a00000|  0%| F|  |TAMS 0x0000000617800000, 0x0000000617800000| Untracked 
| 182|0x0000000617a00000, 0x0000000617a00000, 0x0000000617c00000|  0%| F|  |TAMS 0x0000000617a00000, 0x0000000617a00000| Untracked 
| 183|0x0000000617c00000, 0x0000000617c00000, 0x0000000617e00000|  0%| F|  |TAMS 0x0000000617c00000, 0x0000000617c00000| Untracked 
| 184|0x0000000617e00000, 0x0000000617e00000, 0x0000000618000000|  0%| F|  |TAMS 0x0000000617e00000, 0x0000000617e00000| Untracked 
| 185|0x0000000618000000, 0x0000000618000000, 0x0000000618200000|  0%| F|  |TAMS 0x0000000618000000, 0x0000000618000000| Untracked 
| 186|0x0000000618200000, 0x0000000618200000, 0x0000000618400000|  0%| F|  |TAMS 0x0000000618200000, 0x0000000618200000| Untracked 
| 187|0x0000000618400000, 0x0000000618400000, 0x0000000618600000|  0%| F|  |TAMS 0x0000000618400000, 0x0000000618400000| Untracked 
| 188|0x0000000618600000, 0x0000000618600000, 0x0000000618800000|  0%| F|  |TAMS 0x0000000618600000, 0x0000000618600000| Untracked 
| 189|0x0000000618800000, 0x0000000618800000, 0x0000000618a00000|  0%| F|  |TAMS 0x0000000618800000, 0x0000000618800000| Untracked 
| 190|0x0000000618a00000, 0x0000000618a00000, 0x0000000618c00000|  0%| F|  |TAMS 0x0000000618a00000, 0x0000000618a00000| Untracked 
| 191|0x0000000618c00000, 0x0000000618c00000, 0x0000000618e00000|  0%| F|  |TAMS 0x0000000618c00000, 0x0000000618c00000| Untracked 
| 192|0x0000000618e00000, 0x0000000618e00000, 0x0000000619000000|  0%| F|  |TAMS 0x0000000618e00000, 0x0000000618e00000| Untracked 
| 193|0x0000000619000000, 0x0000000619000000, 0x0000000619200000|  0%| F|  |TAMS 0x0000000619000000, 0x0000000619000000| Untracked 
| 194|0x0000000619200000, 0x0000000619200000, 0x0000000619400000|  0%| F|  |TAMS 0x0000000619200000, 0x0000000619200000| Untracked 
| 195|0x0000000619400000, 0x0000000619400000, 0x0000000619600000|  0%| F|  |TAMS 0x0000000619400000, 0x0000000619400000| Untracked 
| 196|0x0000000619600000, 0x0000000619600000, 0x0000000619800000|  0%| F|  |TAMS 0x0000000619600000, 0x0000000619600000| Untracked 
| 197|0x0000000619800000, 0x0000000619800000, 0x0000000619a00000|  0%| F|  |TAMS 0x0000000619800000, 0x0000000619800000| Untracked 
| 198|0x0000000619a00000, 0x0000000619a00000, 0x0000000619c00000|  0%| F|  |TAMS 0x0000000619a00000, 0x0000000619a00000| Untracked 
| 199|0x0000000619c00000, 0x0000000619c00000, 0x0000000619e00000|  0%| F|  |TAMS 0x0000000619c00000, 0x0000000619c00000| Untracked 
| 200|0x0000000619e00000, 0x0000000619e00000, 0x000000061a000000|  0%| F|  |TAMS 0x0000000619e00000, 0x0000000619e00000| Untracked 
| 201|0x000000061a000000, 0x000000061a000000, 0x000000061a200000|  0%| F|  |TAMS 0x000000061a000000, 0x000000061a000000| Untracked 
| 202|0x000000061a200000, 0x000000061a200000, 0x000000061a400000|  0%| F|  |TAMS 0x000000061a200000, 0x000000061a200000| Untracked 
| 203|0x000000061a400000, 0x000000061a400000, 0x000000061a600000|  0%| F|  |TAMS 0x000000061a400000, 0x000000061a400000| Untracked 
| 204|0x000000061a600000, 0x000000061a600000, 0x000000061a800000|  0%| F|  |TAMS 0x000000061a600000, 0x000000061a600000| Untracked 
| 205|0x000000061a800000, 0x000000061a800000, 0x000000061aa00000|  0%| F|  |TAMS 0x000000061a800000, 0x000000061a800000| Untracked 
| 206|0x000000061aa00000, 0x000000061aa00000, 0x000000061ac00000|  0%| F|  |TAMS 0x000000061aa00000, 0x000000061aa00000| Untracked 
| 207|0x000000061ac00000, 0x000000061ac00000, 0x000000061ae00000|  0%| F|  |TAMS 0x000000061ac00000, 0x000000061ac00000| Untracked 
| 208|0x000000061ae00000, 0x000000061ae00000, 0x000000061b000000|  0%| F|  |TAMS 0x000000061ae00000, 0x000000061ae00000| Untracked 
| 209|0x000000061b000000, 0x000000061b000000, 0x000000061b200000|  0%| F|  |TAMS 0x000000061b000000, 0x000000061b000000| Untracked 
| 210|0x000000061b200000, 0x000000061b200000, 0x000000061b400000|  0%| F|  |TAMS 0x000000061b200000, 0x000000061b200000| Untracked 
| 211|0x000000061b400000, 0x000000061b400000, 0x000000061b600000|  0%| F|  |TAMS 0x000000061b400000, 0x000000061b400000| Untracked 
| 212|0x000000061b600000, 0x000000061b600000, 0x000000061b800000|  0%| F|  |TAMS 0x000000061b600000, 0x000000061b600000| Untracked 
| 213|0x000000061b800000, 0x000000061b800000, 0x000000061ba00000|  0%| F|  |TAMS 0x000000061b800000, 0x000000061b800000| Untracked 
| 214|0x000000061ba00000, 0x000000061ba00000, 0x000000061bc00000|  0%| F|  |TAMS 0x000000061ba00000, 0x000000061ba00000| Untracked 
| 215|0x000000061bc00000, 0x000000061bc00000, 0x000000061be00000|  0%| F|  |TAMS 0x000000061bc00000, 0x000000061bc00000| Untracked 
| 216|0x000000061be00000, 0x000000061be00000, 0x000000061c000000|  0%| F|  |TAMS 0x000000061be00000, 0x000000061be00000| Untracked 
| 217|0x000000061c000000, 0x000000061c000000, 0x000000061c200000|  0%| F|  |TAMS 0x000000061c000000, 0x000000061c000000| Untracked 
| 218|0x000000061c200000, 0x000000061c200000, 0x000000061c400000|  0%| F|  |TAMS 0x000000061c200000, 0x000000061c200000| Untracked 
| 219|0x000000061c400000, 0x000000061c400000, 0x000000061c600000|  0%| F|  |TAMS 0x000000061c400000, 0x000000061c400000| Untracked 
| 220|0x000000061c600000, 0x000000061c600000, 0x000000061c800000|  0%| F|  |TAMS 0x000000061c600000, 0x000000061c600000| Untracked 
| 221|0x000000061c800000, 0x000000061c800000, 0x000000061ca00000|  0%| F|  |TAMS 0x000000061c800000, 0x000000061c800000| Untracked 
| 222|0x000000061ca00000, 0x000000061ca00000, 0x000000061cc00000|  0%| F|  |TAMS 0x000000061ca00000, 0x000000061ca00000| Untracked 
| 223|0x000000061cc00000, 0x000000061cc00000, 0x000000061ce00000|  0%| F|  |TAMS 0x000000061cc00000, 0x000000061cc00000| Untracked 
| 224|0x000000061ce00000, 0x000000061ce00000, 0x000000061d000000|  0%| F|  |TAMS 0x000000061ce00000, 0x000000061ce00000| Untracked 
| 225|0x000000061d000000, 0x000000061d000000, 0x000000061d200000|  0%| F|  |TAMS 0x000000061d000000, 0x000000061d000000| Untracked 
| 226|0x000000061d200000, 0x000000061d200000, 0x000000061d400000|  0%| F|  |TAMS 0x000000061d200000, 0x000000061d200000| Untracked 
| 227|0x000000061d400000, 0x000000061d400000, 0x000000061d600000|  0%| F|  |TAMS 0x000000061d400000, 0x000000061d400000| Untracked 
| 228|0x000000061d600000, 0x000000061d600000, 0x000000061d800000|  0%| F|  |TAMS 0x000000061d600000, 0x000000061d600000| Untracked 
| 229|0x000000061d800000, 0x000000061d800000, 0x000000061da00000|  0%| F|  |TAMS 0x000000061d800000, 0x000000061d800000| Untracked 
| 230|0x000000061da00000, 0x000000061da00000, 0x000000061dc00000|  0%| F|  |TAMS 0x000000061da00000, 0x000000061da00000| Untracked 
| 231|0x000000061dc00000, 0x000000061dc00000, 0x000000061de00000|  0%| F|  |TAMS 0x000000061dc00000, 0x000000061dc00000| Untracked 
| 232|0x000000061de00000, 0x000000061de00000, 0x000000061e000000|  0%| F|  |TAMS 0x000000061de00000, 0x000000061de00000| Untracked 
| 233|0x000000061e000000, 0x000000061e000000, 0x000000061e200000|  0%| F|  |TAMS 0x000000061e000000, 0x000000061e000000| Untracked 
| 234|0x000000061e200000, 0x000000061e200000, 0x000000061e400000|  0%| F|  |TAMS 0x000000061e200000, 0x000000061e200000| Untracked 
| 235|0x000000061e400000, 0x000000061e400000, 0x000000061e600000|  0%| F|  |TAMS 0x000000061e400000, 0x000000061e400000| Untracked 
| 236|0x000000061e600000, 0x000000061e600000, 0x000000061e800000|  0%| F|  |TAMS 0x000000061e600000, 0x000000061e600000| Untracked 
| 237|0x000000061e800000, 0x000000061e800000, 0x000000061ea00000|  0%| F|  |TAMS 0x000000061e800000, 0x000000061e800000| Untracked 
| 238|0x000000061ea00000, 0x000000061ea00000, 0x000000061ec00000|  0%| F|  |TAMS 0x000000061ea00000, 0x000000061ea00000| Untracked 
| 239|0x000000061ec00000, 0x000000061ec00000, 0x000000061ee00000|  0%| F|  |TAMS 0x000000061ec00000, 0x000000061ec00000| Untracked 
| 240|0x000000061ee00000, 0x000000061ee00000, 0x000000061f000000|  0%| F|  |TAMS 0x000000061ee00000, 0x000000061ee00000| Untracked 
| 241|0x000000061f000000, 0x000000061f000000, 0x000000061f200000|  0%| F|  |TAMS 0x000000061f000000, 0x000000061f000000| Untracked 
| 242|0x000000061f200000, 0x000000061f35ee10, 0x000000061f400000| 68%| S|CS|TAMS 0x000000061f200000, 0x000000061f200000| Complete 
| 243|0x000000061f400000, 0x000000061f600000, 0x000000061f600000|100%| S|CS|TAMS 0x000000061f400000, 0x000000061f400000| Complete 
| 244|0x000000061f600000, 0x000000061f600000, 0x000000061f800000|  0%| F|  |TAMS 0x000000061f600000, 0x000000061f600000| Untracked 
| 245|0x000000061f800000, 0x000000061f800000, 0x000000061fa00000|  0%| F|  |TAMS 0x000000061f800000, 0x000000061f800000| Untracked 
| 246|0x000000061fa00000, 0x000000061fa00000, 0x000000061fc00000|  0%| F|  |TAMS 0x000000061fa00000, 0x000000061fa00000| Untracked 
| 247|0x000000061fc00000, 0x000000061fc00000, 0x000000061fe00000|  0%| F|  |TAMS 0x000000061fc00000, 0x000000061fc00000| Untracked 
| 248|0x000000061fe00000, 0x000000061fe00000, 0x0000000620000000|  0%| F|  |TAMS 0x000000061fe00000, 0x000000061fe00000| Untracked 
| 249|0x0000000620000000, 0x0000000620000000, 0x0000000620200000|  0%| F|  |TAMS 0x0000000620000000, 0x0000000620000000| Untracked 
| 250|0x0000000620200000, 0x0000000620200800, 0x0000000620400000|  0%| E|  |TAMS 0x0000000620200000, 0x0000000620200000| Complete 
| 251|0x0000000620400000, 0x0000000620600000, 0x0000000620600000|100%| E|CS|TAMS 0x0000000620400000, 0x0000000620400000| Complete 
| 252|0x0000000620600000, 0x0000000620800000, 0x0000000620800000|100%| E|CS|TAMS 0x0000000620600000, 0x0000000620600000| Complete 
| 253|0x0000000620800000, 0x0000000620a00000, 0x0000000620a00000|100%| E|CS|TAMS 0x0000000620800000, 0x0000000620800000| Complete 
| 254|0x0000000620a00000, 0x0000000620c00000, 0x0000000620c00000|100%| E|CS|TAMS 0x0000000620a00000, 0x0000000620a00000| Complete 
| 255|0x0000000620c00000, 0x0000000620e00000, 0x0000000620e00000|100%| E|CS|TAMS 0x0000000620c00000, 0x0000000620c00000| Complete 

Card table byte_map: [0x00000202583f0000,0x00000202593f0000] _byte_map_base: 0x00000202553e9000

Marking Bits (Prev, Next): (CMBitMap*) 0x000002023db1d2d8, (CMBitMap*) 0x000002023db1d318
 Prev Bits: [0x000002025a3f0000, 0x00000202623b8000)
 Next Bits: [0x00000202623c0000, 0x000002026a388000)

Polling page: 0x000002023d910000

Metaspace:

Usage:
  Non-class:     10.42 MB capacity,    10.18 MB ( 98%) used,   221.20 KB (  2%) free+waste,    31.75 KB ( <1%) overhead. 
      Class:      1.15 MB capacity,  1023.67 KB ( 87%) used,   136.33 KB ( 12%) free+waste,    16.00 KB (  1%) overhead. 
       Both:     11.57 MB capacity,    11.18 MB ( 97%) used,   357.52 KB (  3%) free+waste,    47.75 KB ( <1%) overhead. 

Virtual space:
  Non-class space:       12.00 MB reserved,      10.50 MB ( 88%) committed 
      Class space:        1.00 GB reserved,       1.25 MB ( <1%) committed 
             Both:        1.01 GB reserved,      11.75 MB (  1%) committed 

Chunk freelists:
   Non-Class:  1.63 KB
       Class:  1.00 KB
        Both:  2.63 KB

CodeHeap 'non-profiled nmethods': size=120000Kb used=524Kb max_used=524Kb free=119475Kb
 bounds [0x000002024f450000, 0x000002024f6c0000, 0x0000020256980000]
CodeHeap 'profiled nmethods': size=120000Kb used=3007Kb max_used=3007Kb free=116993Kb
 bounds [0x0000020247f20000, 0x0000020248210000, 0x000002024f450000]
CodeHeap 'non-nmethods': size=5760Kb used=1599Kb max_used=1641Kb free=4160Kb
 bounds [0x0000020247980000, 0x0000020247bf0000, 0x0000020247f20000]
 total_blobs=2995 nmethods=1563 adapters=1067
 compilation: enabled
              stopped_count=0, restarted_count=0
 full_count=0

Compilation events (10 events):
Event: 3.857 Thread 0x000002026d862800 nmethod 1560 0x000002024820ca10 code [0x000002024820cdc0, 0x000002024820e220]
Event: 3.857 Thread 0x000002026d862800 1561       3       jdk.internal.org.objectweb.asm.MethodWriter::hasFrames (13 bytes)
Event: 3.857 Thread 0x000002026d862800 nmethod 1561 0x000002024820ea10 code [0x000002024820ebc0, 0x000002024820ed98]
Event: 3.857 Thread 0x000002026d862800 1557       3       sun.invoke.util.Wrapper::isIntegral (23 bytes)
Event: 3.858 Thread 0x000002026d862800 nmethod 1557 0x000002024820ee10 code [0x000002024820efe0, 0x000002024820f2b8]
Event: 3.858 Thread 0x000002026d862800 1558       3       sun.invoke.util.Wrapper::isNumeric (16 bytes)
Event: 3.858 Thread 0x000002026d862800 nmethod 1558 0x000002024820f390 code [0x000002024820f540, 0x000002024820f718]
Event: 3.886 Thread 0x000002026d859000 nmethod 1539 0x000002024f4d0690 code [0x000002024f4d0940, 0x000002024f4d22d0]
Event: 3.901 Thread 0x000002026d862800 1563       3       java.util.HashMap$KeyIterator::next (8 bytes)
Event: 3.902 Thread 0x000002026d862800 nmethod 1563 0x000002024820f790 code [0x000002024820f960, 0x000002024820fb30]

GC Heap History (2 events):
Event: 3.439 GC heap before
{Heap before GC invocations=0 (full 0):
 garbage-first heap   total 524288K, used 26624K [0x0000000600e00000, 0x0000000800000000)
  region size 2048K, 12 young (24576K), 0 survivors (0K)
 Metaspace       used 10505K, capacity 10911K, committed 11136K, reserved 1058816K
  class space    used 938K, capacity 1075K, committed 1152K, reserved 1048576K
}
Event: 3.444 GC heap after
{Heap after GC invocations=1 (full 0):
 garbage-first heap   total 524288K, used 5499K [0x0000000600e00000, 0x0000000800000000)
  region size 2048K, 2 young (4096K), 2 survivors (4096K)
 Metaspace       used 10505K, capacity 10911K, committed 11136K, reserved 1058816K
  class space    used 938K, capacity 1075K, committed 1152K, reserved 1048576K
}

Deoptimization events (10 events):
Event: 3.366 Thread 0x000002023da9a800 Uncommon trap: reason=class_check action=maybe_recompile pc=0x000002024f4928f8 method=java.awt.image.BufferedImage.getRGB(IIII[III)[I @ 189 c2
Event: 3.367 Thread 0x000002023da9a800 Uncommon trap: reason=class_check action=maybe_recompile pc=0x000002024f4928f8 method=java.awt.image.BufferedImage.getRGB(IIII[III)[I @ 189 c2
Event: 3.368 Thread 0x000002023da9a800 Uncommon trap: reason=class_check action=maybe_recompile pc=0x000002024f4928f8 method=java.awt.image.BufferedImage.getRGB(IIII[III)[I @ 189 c2
Event: 3.368 Thread 0x000002023da9a800 Uncommon trap: reason=class_check action=maybe_recompile pc=0x000002024f4928f8 method=java.awt.image.BufferedImage.getRGB(IIII[III)[I @ 189 c2
Event: 3.439 Thread 0x000002023da9a800 Uncommon trap: reason=unstable_if action=reinterpret pc=0x000002024f48881c method=java.lang.StringUTF16.compress([CI[BII)I @ 20 c2
Event: 3.737 Thread 0x000002023da9a800 Uncommon trap: reason=profile_predicate action=maybe_recompile pc=0x000002024f4a58e4 method=java.awt.image.BufferedImage.getRGB(IIII[III)[I @ 165 c2
Event: 3.737 Thread 0x000002023da9a800 Uncommon trap: reason=profile_predicate action=maybe_recompile pc=0x000002024f4aac04 method=java.awt.image.BufferedImage.getRGB(IIII[III)[I @ 160 c2
Event: 3.737 Thread 0x000002023da9a800 Uncommon trap: reason=profile_predicate action=maybe_recompile pc=0x000002024f4aac04 method=java.awt.image.BufferedImage.getRGB(IIII[III)[I @ 160 c2
Event: 3.737 Thread 0x000002023da9a800 Uncommon trap: reason=profile_predicate action=maybe_recompile pc=0x000002024f4aac04 method=java.awt.image.BufferedImage.getRGB(IIII[III)[I @ 160 c2
Event: 3.814 Thread 0x000002023da9a800 Uncommon trap: reason=profile_predicate action=maybe_recompile pc=0x000002024f4a58e4 method=java.awt.image.BufferedImage.getRGB(IIII[III)[I @ 165 c2

Classes redefined (0 events):
No events

Internal exceptions (10 events):
Event: 3.086 Thread 0x000002023da9a800 Exception <a 'sun/nio/fs/WindowsException'{0x000000061fca3ef8}> (0x000000061fca3ef8) thrown at [c:/cygwin64/tmp/openjdk-jdk12u-windows-x64-hotspot/workspace/build/src/src/hotspot/share/prims/jni.cpp, line 615]
Event: 3.087 Thread 0x000002023da9a800 Exception <a 'sun/nio/fs/WindowsException'{0x000000061fca4278}> (0x000000061fca4278) thrown at [c:/cygwin64/tmp/openjdk-jdk12u-windows-x64-hotspot/workspace/build/src/src/hotspot/share/prims/jni.cpp, line 615]
Event: 3.139 Thread 0x000002023da9a800 Exception <a 'java/lang/NoSuchMethodError'{0x000000061fcd7530}: java.lang.invoke.DirectMethodHandle$Holder.invokeSpecialIFC(Ljava/lang/Object;Ljava/lang/Object;I)I> (0x000000061fcd7530) thrown at [c:/cygwin64/tmp/openjdk-jdk12u-windows-x64-hotspot/workspa
Event: 3.164 Thread 0x000002023da9a800 Exception <a 'sun/nio/fs/WindowsException'{0x000000061fd86da0}> (0x000000061fd86da0) thrown at [c:/cygwin64/tmp/openjdk-jdk12u-windows-x64-hotspot/workspace/build/src/src/hotspot/share/prims/jni.cpp, line 615]
Event: 3.164 Thread 0x000002023da9a800 Exception <a 'sun/nio/fs/WindowsException'{0x000000061fd87120}> (0x000000061fd87120) thrown at [c:/cygwin64/tmp/openjdk-jdk12u-windows-x64-hotspot/workspace/build/src/src/hotspot/share/prims/jni.cpp, line 615]
Event: 3.252 Thread 0x000002023da9a800 Exception <a 'java/lang/NoSuchMethodError'{0x000000061f813220}: java.lang.invoke.Invokers$Holder.linkToTargetMethod(Ljava/lang/Object;ILjava/lang/Object;)Ljava/lang/Object;> (0x000000061f813220) thrown at [c:/cygwin64/tmp/openjdk-jdk12u-windows-x64-hotspo
Event: 3.413 Thread 0x000002023da9a800 Exception <a 'java/lang/NoSuchMethodError'{0x000000061f7a9f20}: java.lang.invoke.DirectMethodHandle$Holder.invokeStatic(Ljava/lang/Object;Ljava/lang/Object;)D> (0x000000061f7a9f20) thrown at [c:/cygwin64/tmp/openjdk-jdk12u-windows-x64-hotspot/workspace/bu
Event: 3.501 Thread 0x000002027557c000 Exception <a 'java/lang/NoSuchMethodError'{0x0000000620a053d0}: java.lang.invoke.DirectMethodHandle$Holder.invokeSpecial(Ljava/lang/Object;Ljava/lang/Object;)V> (0x0000000620a053d0) thrown at [c:/cygwin64/tmp/openjdk-jdk12u-windows-x64-hotspot/workspace/b
Event: 3.505 Thread 0x000002023da9a800 Exception <a 'java/lang/NoSuchMethodError'{0x0000000620c522e0}: java.lang.invoke.DirectMethodHandle$Holder.invokeStatic(Ljava/lang/Object;Ljava/lang/Object;Ljava/lang/Object;Ljava/lang/Object;Ljava/lang/Object;Ljava/lang/Object;Ljava/lang/Object;J)Ljava/l
Event: 3.840 Thread 0x000002023da9a800 Exception <a 'java/lang/NoSuchMethodError'{0x00000006204f05c0}: java.lang.invoke.DirectMethodHandle$Holder.invokeVirtual(Ljava/lang/Object;Ljava/lang/Object;)I> (0x00000006204f05c0) thrown at [c:/cygwin64/tmp/openjdk-jdk12u-windows-x64-hotspot/workspace/b

Events (10 events):
Event: 3.857 loading class astechzgo/luminescent/textures/Texture
Event: 3.857 loading class astechzgo/luminescent/textures/Texture done
Event: 3.858 loading class astechzgo/luminescent/textures/Texture
Event: 3.858 loading class astechzgo/luminescent/textures/Texture done
Event: 3.858 loading class astechzgo/luminescent/textures/TexturePacker$AtlasMember
Event: 3.858 loading class astechzgo/luminescent/textures/TexturePacker$AtlasMember done
Event: 3.901 loading class org/lwjgl/vulkan/VkBufferCreateInfo
Event: 3.901 loading class org/lwjgl/vulkan/VkBufferCreateInfo done
Event: 3.903 loading class org/lwjgl/util/vma/VmaAllocationCreateInfo
Event: 3.903 loading class org/lwjgl/util/vma/VmaAllocationCreateInfo done


Dynamic libraries:
0x00007ff62bb40000 - 0x00007ff62bb4d000 	C:\Program Files\AdoptOpenJDK\jdk-12.0.0.33-hotspot\bin\java.exe
0x00007ffe36660000 - 0x00007ffe36850000 	C:\WINDOWS\SYSTEM32\ntdll.dll
0x00007ffe34870000 - 0x00007ffe34922000 	C:\WINDOWS\System32\KERNEL32.DLL
0x00007ffe340a0000 - 0x00007ffe34344000 	C:\WINDOWS\System32\KERNELBASE.dll
0x00007ffe344f0000 - 0x00007ffe345ea000 	C:\WINDOWS\System32\ucrtbase.dll
0x00007ffe173c0000 - 0x00007ffe173d7000 	C:\Program Files\AdoptOpenJDK\jdk-12.0.0.33-hotspot\bin\jli.dll
0x00007ffe173a0000 - 0x00007ffe173b6000 	C:\Program Files\AdoptOpenJDK\jdk-12.0.0.33-hotspot\bin\VCRUNTIME140.dll
0x00007ffe355d0000 - 0x00007ffe35764000 	C:\WINDOWS\System32\USER32.dll
0x00007ffe20bf0000 - 0x00007ffe20e74000 	C:\WINDOWS\WinSxS\amd64_microsoft.windows.common-controls_6595b64144ccf1df_6.0.18362.836_none_e6c4b943130f18ed\COMCTL32.dll
0x00007ffe345f0000 - 0x00007ffe34611000 	C:\WINDOWS\System32\win32u.dll
0x00007ffe347d0000 - 0x00007ffe3486e000 	C:\WINDOWS\System32\msvcrt.dll
0x00007ffe35240000 - 0x00007ffe35266000 	C:\WINDOWS\System32\GDI32.dll
0x00007ffe36030000 - 0x00007ffe36366000 	C:\WINDOWS\System32\combase.dll
0x00007ffe34350000 - 0x00007ffe344e4000 	C:\WINDOWS\System32\gdi32full.dll
0x00007ffe352e0000 - 0x00007ffe35400000 	C:\WINDOWS\System32\RPCRT4.dll
0x00007ffe34620000 - 0x00007ffe346be000 	C:\WINDOWS\System32\msvcp_win.dll
0x00007ffe33ed0000 - 0x00007ffe33f50000 	C:\WINDOWS\System32\bcryptPrimitives.dll
0x00007ffe357d0000 - 0x00007ffe357fe000 	C:\WINDOWS\System32\IMM32.DLL
0x00007ffe103f0000 - 0x00007ffe1048b000 	C:\Program Files\AdoptOpenJDK\jdk-12.0.0.33-hotspot\bin\msvcp140.dll
0x00007ffdbe670000 - 0x00007ffdbf218000 	C:\Program Files\AdoptOpenJDK\jdk-12.0.0.33-hotspot\bin\server\jvm.dll
0x00007ffe34930000 - 0x00007ffe349d3000 	C:\WINDOWS\System32\ADVAPI32.dll
0x00007ffe35410000 - 0x00007ffe354a7000 	C:\WINDOWS\System32\sechost.dll
0x00007ffe35400000 - 0x00007ffe35408000 	C:\WINDOWS\System32\PSAPI.DLL
0x00007ffe21e20000 - 0x00007ffe21e29000 	C:\WINDOWS\SYSTEM32\WSOCK32.dll
0x00007ffe35560000 - 0x00007ffe355cf000 	C:\WINDOWS\System32\WS2_32.dll
0x00007ffe298d0000 - 0x00007ffe298f4000 	C:\WINDOWS\SYSTEM32\WINMM.dll
0x00007ffe2dd80000 - 0x00007ffe2dd8a000 	C:\WINDOWS\SYSTEM32\VERSION.dll
0x00007ffe298a0000 - 0x00007ffe298cd000 	C:\WINDOWS\SYSTEM32\WINMMBASE.dll
0x00007ffe33650000 - 0x00007ffe3369a000 	C:\WINDOWS\System32\cfgmgr32.dll
0x00007ffe33530000 - 0x00007ffe33541000 	C:\WINDOWS\System32\kernel.appcore.dll
0x00007ffe2eb40000 - 0x00007ffe2eb50000 	C:\Program Files\AdoptOpenJDK\jdk-12.0.0.33-hotspot\bin\verify.dll
0x00007ffe31510000 - 0x00007ffe31704000 	C:\WINDOWS\SYSTEM32\DBGHELP.DLL
0x00007ffe2d900000 - 0x00007ffe2d92a000 	C:\WINDOWS\SYSTEM32\dbgcore.DLL
0x00007ffe13030000 - 0x00007ffe13056000 	C:\Program Files\AdoptOpenJDK\jdk-12.0.0.33-hotspot\bin\java.dll
0x00007ffe17380000 - 0x00007ffe17397000 	C:\Program Files\AdoptOpenJDK\jdk-12.0.0.33-hotspot\bin\zip.dll
0x00007ffe29660000 - 0x00007ffe2966a000 	C:\Program Files\AdoptOpenJDK\jdk-12.0.0.33-hotspot\bin\jimage.dll
0x00007ffe35800000 - 0x00007ffe35ee4000 	C:\WINDOWS\System32\SHELL32.dll
0x00007ffe354b0000 - 0x00007ffe35559000 	C:\WINDOWS\System32\shcore.dll
0x00007ffe336a0000 - 0x00007ffe33e1e000 	C:\WINDOWS\System32\windows.storage.dll
0x00007ffe335c0000 - 0x00007ffe335e3000 	C:\WINDOWS\System32\profapi.dll
0x00007ffe33570000 - 0x00007ffe335ba000 	C:\WINDOWS\System32\powrprof.dll
0x00007ffe33520000 - 0x00007ffe33530000 	C:\WINDOWS\System32\UMPDC.dll
0x00007ffe35770000 - 0x00007ffe357c2000 	C:\WINDOWS\System32\shlwapi.dll
0x00007ffe346c0000 - 0x00007ffe346d7000 	C:\WINDOWS\System32\cryptsp.dll
0x00007ffe17080000 - 0x00007ffe17099000 	C:\Program Files\AdoptOpenJDK\jdk-12.0.0.33-hotspot\bin\net.dll
0x00007ffe2b9e0000 - 0x00007ffe2bbb6000 	C:\WINDOWS\SYSTEM32\urlmon.dll
0x00007ffe2d450000 - 0x00007ffe2d540000 	C:\WINDOWS\SYSTEM32\WINHTTP.dll
0x00007ffe28640000 - 0x00007ffe288e6000 	C:\WINDOWS\SYSTEM32\iertutil.dll
0x00007ffe32f60000 - 0x00007ffe32f6c000 	C:\WINDOWS\SYSTEM32\CRYPTBASE.DLL
0x00007ffe32d90000 - 0x00007ffe32df7000 	C:\WINDOWS\system32\mswsock.dll
0x00007ffe15b70000 - 0x00007ffe15b83000 	C:\Program Files\AdoptOpenJDK\jdk-12.0.0.33-hotspot\bin\nio.dll
0x00007ffdf9710000 - 0x00007ffdf98a9000 	C:\Program Files\AdoptOpenJDK\jdk-12.0.0.33-hotspot\bin\awt.dll
0x00007ffe36370000 - 0x00007ffe36434000 	C:\WINDOWS\System32\OLEAUT32.dll
0x00007ffe2fea0000 - 0x00007ffe30460000 	C:\WINDOWS\SYSTEM32\d2d1.dll
0x00007ffe312c0000 - 0x00007ffe3134f000 	C:\WINDOWS\SYSTEM32\apphelp.dll
0x00007ffe32900000 - 0x00007ffe32933000 	C:\WINDOWS\system32\rsaenh.dll
0x00007ffe346e0000 - 0x00007ffe34706000 	C:\WINDOWS\System32\bcrypt.dll
0x00007ffe33410000 - 0x00007ffe33435000 	C:\WINDOWS\SYSTEM32\USERENV.dll
0x00007ffe32aa0000 - 0x00007ffe32ada000 	C:\WINDOWS\SYSTEM32\IPHLPAPI.DLL
0x00007ffe347c0000 - 0x00007ffe347c8000 	C:\WINDOWS\System32\NSI.dll
0x00007ffe2e0e0000 - 0x00007ffe2e0f6000 	C:\WINDOWS\SYSTEM32\dhcpcsvc6.DLL
0x00007ffe2e270000 - 0x00007ffe2e28c000 	C:\WINDOWS\SYSTEM32\dhcpcsvc.DLL
0x00007ffe32ae0000 - 0x00007ffe32bab000 	C:\WINDOWS\SYSTEM32\DNSAPI.dll
0x00007ffe060a0000 - 0x00007ffe06104000 	C:\Users\ryan\AppData\Local\Temp\lwjglryan\3.2.3-SNAPSHOT\lwjgl.dll
0x00007ffddef10000 - 0x00007ffddf163000 	C:\Users\ryan\AppData\Local\Temp\lwjglryan\3.2.3-SNAPSHOT\jemalloc.dll
0x00007ffe06030000 - 0x00007ffe06092000 	C:\Users\ryan\AppData\Local\Temp\lwjglryan\3.2.3-SNAPSHOT\glfw.dll
0x00007ffe31710000 - 0x00007ffe317a9000 	C:\WINDOWS\system32\uxtheme.dll
0x00007ffe0a3e0000 - 0x00007ffe0a423000 	C:\WINDOWS\SYSTEM32\dinput8.dll
0x00007ffdf8080000 - 0x00007ffdf8091000 	C:\WINDOWS\SYSTEM32\xinput1_4.dll
0x00007ffe33320000 - 0x00007ffe3334a000 	C:\WINDOWS\SYSTEM32\DEVOBJ.dll
0x00007ffe31cc0000 - 0x00007ffe31ced000 	C:\WINDOWS\SYSTEM32\dwmapi.dll
0x00007ffe35100000 - 0x00007ffe35236000 	C:\WINDOWS\System32\MSCTF.dll
0x00007ffe288f0000 - 0x00007ffe28a0b000 	C:\WINDOWS\SYSTEM32\inputhost.dll
0x00007ffe31070000 - 0x00007ffe31144000 	C:\WINDOWS\SYSTEM32\CoreMessaging.dll
0x00007ffe28d70000 - 0x00007ffe2909a000 	C:\WINDOWS\SYSTEM32\CoreUIComponents.dll
0x00007ffe2fb90000 - 0x00007ffe2fc80000 	C:\WINDOWS\SYSTEM32\PROPSYS.dll
0x00007ffe2f130000 - 0x00007ffe2f283000 	C:\WINDOWS\SYSTEM32\wintypes.dll
0x00007ffe326f0000 - 0x00007ffe32721000 	C:\WINDOWS\SYSTEM32\ntmarta.dll
0x00007ffe0fed0000 - 0x00007ffe0fefc000 	C:\PROGRA~2\RAPTRI~1\Raptr\ltc_help64-119906.dll
0x00007ffe335f0000 - 0x00007ffe3364c000 	C:\WINDOWS\System32\WINTRUST.dll
0x00007ffe33550000 - 0x00007ffe33562000 	C:\WINDOWS\System32\MSASN1.dll
0x00007ffe33f50000 - 0x00007ffe34099000 	C:\WINDOWS\System32\CRYPT32.dll
0x00007ffe2b9a0000 - 0x00007ffe2b9df000 	C:\Program Files\ASUS\Bluetooth Software\btmmhook.dll
0x00007ffe34a60000 - 0x00007ffe34bb7000 	C:\WINDOWS\System32\ole32.dll
0x00007ffe32130000 - 0x00007ffe3213e000 	C:\WINDOWS\SYSTEM32\HID.DLL
0x00007ffe34c90000 - 0x00007ffe35100000 	C:\WINDOWS\System32\SETUPAPI.DLL
0x00007ffe26520000 - 0x00007ffe265ce000 	C:\WINDOWS\SYSTEM32\mscms.dll
0x00007ffe263e0000 - 0x00007ffe263f7000 	C:\WINDOWS\SYSTEM32\ColorAdapterClient.dll
0x00007ffe01c00000 - 0x00007ffe01c43000 	C:\WINDOWS\SYSTEM32\icm32.dll
0x00007ffe28a10000 - 0x00007ffe28aae000 	C:\WINDOWS\System32\TextInputFramework.dll
0x00007ffe03820000 - 0x00007ffe0392a000 	C:\WINDOWS\SYSTEM32\vulkan-1.dll
0x00007ffe32190000 - 0x00007ffe321b0000 	C:\WINDOWS\SYSTEM32\dxcore.dll
0x00007ffe32220000 - 0x00007ffe3230b000 	C:\WINDOWS\system32\dxgi.dll
0x00007ffd9e6d0000 - 0x00007ffda0df4000 	C:\WINDOWS\System32\DriverStore\FileRepository\nvaki.inf_amd64_4cae9e420e36f6e5\nvoglv64.dll
0x00007ffe2ed50000 - 0x00007ffe2ed63000 	C:\WINDOWS\SYSTEM32\WTSAPI32.dll
0x00007ffe2dd50000 - 0x00007ffe2dd7f000 	C:\WINDOWS\SYSTEM32\cryptnet.dll
0x00007ffe36440000 - 0x00007ffe3645d000 	C:\WINDOWS\System32\imagehlp.dll
0x00007ffe32140000 - 0x00007ffe32162000 	C:\WINDOWS\SYSTEM32\gpapi.dll
0x00007ffe02b40000 - 0x00007ffe02bde000 	C:\Program Files\NVIDIA Corporation\Ansel\NvCameraWhitelisting64.dll
0x00007ffdfd840000 - 0x00007ffdfdaf7000 	C:\WINDOWS\system32\nvspcap64.dll
0x00007ffe01640000 - 0x00007ffe016e7000 	C:\WINDOWS\System32\DriverStore\FileRepository\nvaki.inf_amd64_4cae9e420e36f6e5\nvcbl64.dll
0x00007ffe2bbc0000 - 0x00007ffe2c0a6000 	C:\WINDOWS\SYSTEM32\nvapi64.dll
0x00007ffd93560000 - 0x00007ffd952b3000 	C:\WINDOWS\System32\DriverStore\FileRepository\nvaki.inf_amd64_4cae9e420e36f6e5\nvrtum64.dll
0x00007ffe037b0000 - 0x00007ffe0381c000 	C:\Users\ryan\AppData\Local\Temp\lwjglryan\3.2.3-SNAPSHOT\lwjgl_vma.dll
0x00007ffdde3a0000 - 0x00007ffdde4f6000 	C:\WINDOWS\SYSTEM32\opengl32.dll
0x00007ffdde2b0000 - 0x00007ffdde2dc000 	C:\WINDOWS\SYSTEM32\GLU32.dll
0x00007ffe325b0000 - 0x00007ffe32606000 	C:\WINDOWS\SYSTEM32\WINSTA.dll
0x00007ffdfe8b0000 - 0x00007ffdfe9bb000 	C:\Users\ryan\AppData\Local\Temp\lwjglryan\3.2.3-SNAPSHOT\OpenAL.dll
0x00007ffe34710000 - 0x00007ffe347b2000 	C:\WINDOWS\System32\clbcatq.dll
0x00007ffe2eb70000 - 0x00007ffe2ebe2000 	C:\WINDOWS\System32\MMDevApi.dll
0x00007ffe2ebf0000 - 0x00007ffe2ed4d000 	C:\WINDOWS\SYSTEM32\AUDIOSES.DLL
0x00007ffe31bd0000 - 0x00007ffe31be4000 	C:\WINDOWS\SYSTEM32\resourcepolicyclient.dll
0x00007ffdfe550000 - 0x00007ffdfe5c7000 	C:\Users\ryan\AppData\Local\Temp\lwjglryan\3.2.3-SNAPSHOT\lwjgl_stb.dll
0x00007ffdfa8a0000 - 0x00007ffdfa920000 	C:\Program Files\AdoptOpenJDK\jdk-12.0.0.33-hotspot\bin\freetype.dll
0x00007ffdfebd0000 - 0x00007ffdfec3a000 	C:\Program Files\AdoptOpenJDK\jdk-12.0.0.33-hotspot\bin\fontmanager.dll
0x00007ffe10d00000 - 0x00007ffe10ec7000 	C:\WINDOWS\system32\d3d9.dll
0x00007ffe25fb0000 - 0x00007ffe2609f000 	C:\WINDOWS\System32\DriverStore\FileRepository\nvaki.inf_amd64_4cae9e420e36f6e5\nvldumdx.dll
0x00007ffdb6440000 - 0x00007ffdb7963000 	C:\WINDOWS\System32\DriverStore\FileRepository\nvaki.inf_amd64_4cae9e420e36f6e5\nvd3dumx.dll

dbghelp: loaded successfully - version: 4.0.5 - missing functions: none
symbol engine: initialized successfully - sym options: 0x614 - pdb path: .;C:\Program Files\AdoptOpenJDK\jdk-12.0.0.33-hotspot\bin;C:\WINDOWS\SYSTEM32;C:\WINDOWS\WinSxS\amd64_microsoft.windows.common-controls_6595b64144ccf1df_6.0.18362.836_none_e6c4b943130f18ed;C:\Program Files\AdoptOpenJDK\jdk-12.0.0.33-hotspot\bin\server;C:\Users\ryan\AppData\Local\Temp\lwjglryan\3.2.3-SNAPSHOT;C:\PROGRA~2\RAPTRI~1\Raptr;C:\Program Files\ASUS\Bluetooth Software;C:\WINDOWS\System32\DriverStore\FileRepository\nvaki.inf_amd64_4cae9e420e36f6e5;C:\Program Files\NVIDIA Corporation\Ansel

VM Arguments:
jvm_args: -Dfile.encoding=windows-1252 
java_command: D:\Documents\IntelliJProjects\Luminescent\Luminescent.jar
java_class_path (initial): D:\Documents\IntelliJProjects\Luminescent\Luminescent.jar
Launcher Type: SUN_STANDARD

[Global flags]
     intx CICompilerCount                          = 4                                         {product} {ergonomic}
     uint ConcGCThreads                            = 2                                         {product} {ergonomic}
     uint G1ConcRefinementThreads                  = 8                                         {product} {ergonomic}
   size_t G1HeapRegionSize                         = 2097152                                   {product} {ergonomic}
    uintx GCDrainStackTargetSize                   = 64                                        {product} {ergonomic}
   size_t InitialHeapSize                          = 536870912                                 {product} {ergonomic}
   size_t MarkStackSize                            = 4194304                                   {product} {ergonomic}
   size_t MaxHeapSize                              = 8575254528                                {product} {ergonomic}
   size_t MaxNewSize                               = 5144313856                                {product} {ergonomic}
   size_t MinHeapDeltaBytes                        = 2097152                                   {product} {ergonomic}
    uintx NonNMethodCodeHeapSize                   = 5836300                                {pd product} {ergonomic}
    uintx NonProfiledCodeHeapSize                  = 122910970                              {pd product} {ergonomic}
    uintx ProfiledCodeHeapSize                     = 122910970                              {pd product} {ergonomic}
    uintx ReservedCodeCacheSize                    = 251658240                              {pd product} {ergonomic}
     bool SegmentedCodeCache                       = true                                      {product} {ergonomic}
     bool UseCompressedClassPointers               = true                                 {lp64_product} {ergonomic}
     bool UseCompressedOops                        = true                                 {lp64_product} {ergonomic}
     bool UseG1GC                                  = true                                      {product} {ergonomic}
     bool UseLargePagesIndividualAllocation        = false                                  {pd product} {ergonomic}

Logging:
Log output configuration:
 #0: stdout all=warning uptime,level,tags
 #1: stderr all=off uptime,level,tags

Environment Variables:
JAVA_HOME=C:\Program Files\Java\jdk-11.0.1
PATH=C:\Program Files\AdoptOpenJDK\jdk-14.0.1.7-hotspot\bin;C:\VulkanSDK\1.2.135.0\Bin;C:\Program Files (x86)\Common Files\Oracle\Java\javapath;C:\Program Files\AdoptOpenJDK\jdk-12.0.0.33-hotspot\bin;C:\ProgramData\Boxstarter;C:\Program Files (x86)\Razer Chroma SDK\bin;C:\Program Files\Razer Chroma SDK\bin;C:\WINDOWS\system32;C:\WINDOWS;C:\WINDOWS\System32\Wbem;C:\WINDOWS\System32\WindowsPowerShell\v1.0\;C:\Program Files (x86)\ATI Technologies\ATI.ACE\Core-Static;C:\Program Files (x86)\AMD\ATI.ACE\Core-Static;C:\Users\ryan\.dnx\bin;C:\Program Files\Microsoft DNX\Dnvm\;C:\Program Files\Microsoft SQL Server\120\Tools\Binn\;C:\Program Files (x86)\Windows Live\Shared;C:\Program Files\ASUS\Bluetooth Software\;C:\Program Files\ASUS\Bluetooth Software\syswow64;C:\Program Files\Microsoft SQL Server\130\Tools\Binn\;C:\Program Files (x86)\GtkSharp\2.12\bin;C:\Program Files (x86)\Windows Kits\10\Windows Performance Toolkit\;C:\Users\ryan\AppData\Local\Programs\Python\Python35-32\Scripts\;C:\Users\ryan\AppData\Local\Programs\Python\Python35-32\;C:\Program Files (x86)\FAHClient;C:\Users\ryan\strongback\java\bin;C:\Program Files\Java\jdk1.8.0_131\bin;C:\Program Files (x86)\Microsoft Visual Studio\2017\Community\MSBuild\15.0\Bin;C:\VulkanSDK\1.0.51.0\Bin;C:\Program Files\Java\jdk-9\bin;C:\WINDOWS\System32\OpenSSH\;C:\Program Files (x86)\Skype\Phone\;C:\Program Files\Microsoft VS Code\bin;C:\Program Files\dotnet\;C:\Program Files\BIOVIA\BIOVIA Draw 2018\;C:\ProgramData\chocolatey\bin;C:\Users\Public\frc2019\frccode;C:\Program Files\NVIDIA Corporation\NVIDIA NvDLISR;C:\Program Files (x86)\NVIDIA Corporation\PhysX\Common;C:\Program Files\LLVM\bin;C:\WINDOWS\system32;C:\WINDOWS;C:\WINDOWS\System32\Wbem;C:\WINDOWS\System32\WindowsPowerShell\v1.0\;C:\WINDOWS\System32\OpenSSH\;C:\Program Files\Git\bin;C:\VulkanSDK\1.0.51.0\Bin;C:\ProgramData\Oracle\Java\javapath;C:\WINDOWS\system32;C:\WINDOWS;C:\WINDOWS\System32\Wbem;C:\WINDOWS\System32\WindowsPowerShell\v1.0\;C:\Program Files (x86)\ATI Tec
USERNAME=ryan
OS=Windows_NT
PROCESSOR_IDENTIFIER=Intel64 Family 6 Model 45 Stepping 7, GenuineIntel



---------------  S Y S T E M  ---------------

OS: Windows 10 , 64 bit Build 18362 (10.0.18362.778)

CPU:total 8 (initial active 8) (4 cores per cpu, 2 threads per core) family 6 model 45 stepping 7, cmov, cx8, fxsr, mmx, sse, sse2, sse3, ssse3, sse4.1, sse4.2, popcnt, avx, aes, clmul, ht, tsc, tscinvbit, tscinv

Memory: 4k page, system-wide physical 32707M (14093M free)
TotalPageFile size 43824M (AvailPageFile size 7621M)
current process WorkingSet (physical memory assigned to process): 176M, peak: 176M
current process commit charge ("private bytes"): 759M, peak: 759M

vm_info: OpenJDK 64-Bit Server VM (12+33) for windows-amd64 JRE (12+33), built on Mar 21 2019 14:13:18 by "" with MS VC++ 15.8 (VS2017)

END.
